
Making Global Configuration Options for ppc-darwin-gcc RELEASE in ../../targets/ppc-darwin-gcc/c++/globals


Making Containers Library for ppc-darwin-gcc RELEASE in ../../targets/ppc-darwin-gcc/c++/containers


Making Error handler streams for ppc-darwin-gcc RELEASE in ../../targets/ppc-darwin-gcc/c++/error


Making liberror.a: error Library

Making Library... done.
liberror.a

Making LSF and related objects for ppc-darwin-gcc RELEASE in ../../targets/ppc-darwin-gcc/c++/LSF


Making libLSF.a: LSF Library

Making Library... done.
libLSF.a

Making Fortran I/O Objects for ppc-darwin-gcc RELEASE in ../../targets/ppc-darwin-gcc/c++/fortran


Making libfortran.a: "Fortran Parsing blob"

Making Library... done.
libfortran.a

Making Error handler streams for ppc-darwin-gcc RELEASE in ../../targets/ppc-darwin-gcc/c++/numerics


Making libnumerics.a: numerics Library

Making Library...ranlib: file: libnumerics.a(unity.o) has no symbols
 done.
libnumerics.a

Making Miscellaneous S.A.G.E. Utilities for ppc-darwin-gcc RELEASE in ../../targets/ppc-darwin-gcc/c++/util


Making libutil.a: "Util library"

Making Library... done.
libutil.a

Making Output for ppc-darwin-gcc RELEASE in ../../targets/ppc-darwin-gcc/c++/output


Making liboutput.a: "Output library"

Making Library... done.
liboutput.a

Making Application Framework Code for ppc-darwin-gcc RELEASE in ../../targets/ppc-darwin-gcc/c++/app


Making libapp.a: "Application Framework Code"

Making Library... done.
libapp.a

Making Functors Library for ppc-darwin-gcc RELEASE in ../../targets/ppc-darwin-gcc/c++/functors


Making New MultiPedigree for ppc-darwin-gcc RELEASE in ../../targets/ppc-darwin-gcc/c++/mped


Making libmped.a: New MultiPedigree Library

Making Library... done.
libmped.a

Making New Multi Locus for ppc-darwin-gcc RELEASE in ../../targets/ppc-darwin-gcc/c++/mlocus


Making libmlocus.a: New Multi Locus Library

Making Library... done.
libmlocus.a

Making New General Referenced Pedigrees and related objects  for ppc-darwin-gcc RELEASE in ../../targets/ppc-darwin-gcc/c++/rped


Making librped.a: New General Referenced Pedigree Library

Making Library... done.
librped.a

Making New Relative Pairs and related objects for ppc-darwin-gcc RELEASE in ../../targets/ppc-darwin-gcc/c++/pairs


Making libpairs.a: New Pairs Library

Making Library... done.
libpairs.a

Making Filtered Pedigrees and related objects  for ppc-darwin-gcc RELEASE in ../../targets/ppc-darwin-gcc/c++/fped


Making libfped.a: FILTERED Pedigree Library

Making Library... done.
libfped.a

Making MultiPedigree variable transformation for ppc-darwin-gcc RELEASE in ../../targets/ppc-darwin-gcc/c++/func


Making libfunc.a: Function library

Making Library... done.
libfunc.a

Making Basic SAGE application data and tools for ppc-darwin-gcc RELEASE in ../../targets/ppc-darwin-gcc/c++/sampling


Making libsampling.a: "SAGE Sampling Library"

Making Library... done.
libsampling.a

Making Genotype Elimination Model for ppc-darwin-gcc RELEASE in ../../targets/ppc-darwin-gcc/c++/gelim


Making libgelim.a: "Genotype Elimination Library"

Making Library... done.
libgelim.a

Making Basic SAGE application data and tools for ppc-darwin-gcc RELEASE in ../../targets/ppc-darwin-gcc/c++/data


Making libdata.a: "SAGE Application Data"

Making Library... done.
libdata.a

Making Peeling Library for ppc-darwin-gcc RELEASE in ../../targets/ppc-darwin-gcc/c++/peeling


Making Inheritance Vectors for ppc-darwin-gcc RELEASE in ../../targets/ppc-darwin-gcc/c++/lvec


Making liblvec.a: "Likelihood Vector Library"

Making Library... done.
liblvec.a

Making MCMC basic objects for ppc-darwin-gcc RELEASE in ../../targets/ppc-darwin-gcc/c++/mcmc


Making libmcmc.a: "MCMC simulation Library"

Making Library... done.
libmcmc.a

Making Identical By Descent for ppc-darwin-gcc RELEASE in ../../targets/ppc-darwin-gcc/c++/ibd


Making libibd.a: "Identical By Descent Library"

Making Library... done.
libibd.a

Making Bases for Pair Analyses for ppc-darwin-gcc RELEASE in ../../targets/ppc-darwin-gcc/c++/palbase


Making libpalbase.a: New Pairs Library

Making Library... done.
libpalbase.a

Making Maxfun for ppc-darwin-gcc RELEASE in ../../targets/ppc-darwin-gcc/c++/maxfun


Making libmaxfun.a: Maxfun Library

Making Library... done.
libmaxfun.a

Making Maxfun for ppc-darwin-gcc RELEASE in ../../targets/ppc-darwin-gcc/c++/maxfunapi


Making libmaxfunapi.a: Maxfun API

Making Library... done.
libmaxfunapi.a

Making Mfsubmodels for ppc-darwin-gcc RELEASE in ../../targets/ppc-darwin-gcc/c++/mfsubmodels


Making libmfsubmodels.a: Maxfun Submodels

Making Library... done.
libmfsubmodels.a

Making Age of Onset for ppc-darwin-gcc RELEASE in ../../targets/ppc-darwin-gcc/c++/ageon


Making libageon.a: "Age of Onset library"

Making Library... done.
Making ageon: Age of Onset Application

Linking                 (C++) ageon
ageon
libageon.a

Making Assoc for ppc-darwin-gcc RELEASE in ../../targets/ppc-darwin-gcc/c++/assoc


Making libassoc.a: "Assoc library"

Making Library... done.
Making assoc: Assoc Application

Linking                 (C++) assoc
assoc
libassoc.a

Making Decipher for ppc-darwin-gcc RELEASE in ../../targets/ppc-darwin-gcc/c++/decipher


Making libdecipher.a: "decipher library"

Making Library... done.
Making decipher: DECIPHER Application

Linking                 (C++) decipher
decipher
libdecipher.a

Making MultiPedigree Correlations with Standard Errors for ppc-darwin-gcc RELEASE in ../../targets/ppc-darwin-gcc/c++/fcor


Making libfcor.a: New Fcor Library

Making Library... done.
Making fcor: "Multi-pedigree correlation program"

Linking                 (C++) fcor
fcor
libfcor.a

Making FREQ for ppc-darwin-gcc RELEASE in ../../targets/ppc-darwin-gcc/c++/freq


Making freq: "FREQ"

Linking                 (C++) freq
freq

Making IBD Generator for ppc-darwin-gcc RELEASE in ../../targets/ppc-darwin-gcc/c++/genibd


Making libgenibd.a: "IBD generator program Library"

Making Library... done.
Making genibd: "IBD generator program"

Linking                 (C++) genibd
genibd
libgenibd.a

Making Lodlink for ppc-darwin-gcc RELEASE in ../../targets/ppc-darwin-gcc/c++/lodlink


Making liblodlink.a: "lodlink library"

Making Library... done.
Making lodlink: LODLINK Application

Linking                 (C++) lodlink
liblodlink.a
lodlink

Making LODSCORE test of Affected Relative Pair for ppc-darwin-gcc RELEASE in ../../targets/ppc-darwin-gcc/c++/lodpal


Making liblodpal.a: "Lodpal Library"

Making Library... done.
Making lodpal: "LODSCORE test of Affected Relative Pair"

Linking                 (C++) lodpal
liblodpal.a
lodpal

Making Markerinfo Main Program for ppc-darwin-gcc RELEASE in ../../targets/ppc-darwin-gcc/c++/markerinfo


Making markerinfo: "MARKERINFO"

Linking                 (C++) markerinfo
markerinfo

Making  for ppc-darwin-gcc RELEASE in ../../targets/ppc-darwin-gcc/c++/mlod


Making libmlod.a: "mlod library"

Making Library... done.
Making mlod: Test of mlod parser

Linking                 (C++) mlod
libmlod.a
mlod

Making MultiPedigree statistics for ppc-darwin-gcc RELEASE in ../../targets/ppc-darwin-gcc/c++/pedinfo


Making libpedinfo.a: "Pedinfo library"

Making Library... done.
Making pedinfo: "Multi-pedigree statistics test program"

Linking                 (C++) pedinfo
libpedinfo.a
pedinfo

Making Relpal for ppc-darwin-gcc RELEASE in ../../targets/ppc-darwin-gcc/c++/relpal


Making librelpal.a: "Relpal Library"

Making Library... done.
Making relpal: Relpal

Linking                 (C++) relpal
librelpal.a
relpal

Making relationship test objects for ppc-darwin-gcc RELEASE in ../../targets/ppc-darwin-gcc/c++/reltest


Making libreltest.a: "Relationship Test program Library"

Making Library... done.
Making reltest: "Relationship Test program"

Linking                 (C++) reltest
libreltest.a
reltest

Making Regression analysis for ppc-darwin-gcc RELEASE in ../../targets/ppc-darwin-gcc/c++/segreg


Making libsegreg.a: "segreg library"

freq_estimates.cpp: In constructor 'SAGE::SEGREG::genotype_frequency_initial_estimates::genotype_frequency_initial_estimates(const SAGE::SEGREG::mean_split&, const SAGE::SEGREG::genotype_frequency_sub_model&)':
freq_estimates.cpp:166: warning: 'p' may be used uninitialized in this function
../../c++/include/segreg/segreg_calculator.ipp: In member function 'void SAGE::SEGREG::segreg_calculator::calculate_post_geno_probs(std::map<const SAGE::MPED::member<SAGE::FPED::FilteredMemberInfo, SAGE::MPED::no_info, SAGE::MPED::no_info, SAGE::FPED::FilteredPedigreeInfo, SAGE::FPED::FilteredMultipedigreeInfo>*, std::list<SAGE::SEGREG::pg::pen_type, std::allocator<SAGE::SEGREG::pg::pen_type> >, SAGE::SEGREG::pg::member_compare, std::allocator<std::pair<const SAGE::MPED::member<SAGE::FPED::FilteredMemberInfo, SAGE::MPED::no_info, SAGE::MPED::no_info, SAGE::FPED::FilteredPedigreeInfo, SAGE::FPED::FilteredMultipedigreeInfo>* const, std::list<SAGE::SEGREG::pg::pen_type, std::allocator<SAGE::SEGREG::pg::pen_type> > > > >&)':
../../c++/include/segreg/segreg_calculator.ipp:361: warning: 'mem_func$__pfn' may be used uninitialized in this function
../../c++/include/segreg/segreg_calculator.ipp:361: warning: 'mem_func$__delta' may be used uninitialized in this function
../../c++/include/segreg/segreg_calculator.ipp:360: warning: 'sped_func$__pfn' may be used uninitialized in this function
../../c++/include/segreg/segreg_calculator.ipp:360: warning: 'sped_func$__delta' may be used uninitialized in this function
Making Library... done.
Making segreg: SEGREG Application

Linking                 (C++) segreg
libsegreg.a
segreg

Making Sibpal for ppc-darwin-gcc RELEASE in ../../targets/ppc-darwin-gcc/c++/sibpal


Making libsibpal.a: "Sibpal Library"

Making Library... done.
Making sibpal: Sibpal

Linking                 (C++) sibpal
libsibpal.a
sibpal

Making TDTEX for ppc-darwin-gcc RELEASE in ../../targets/ppc-darwin-gcc/c++/tdtex


Making libtdtex.a: "Transmission-disequilibrium test library"

/usr/include/c++/4.0.0/bits/stl_algo.h: In function '_RandomAccessIterator std::find(_RandomAccessIterator, _RandomAccessIterator, const _Tp&, std::random_access_iterator_tag) [with _RandomAccessIterator = __gnu_cxx::__normal_iterator<SAGE::TDTEX::Transmission*, std::vector<SAGE::TDTEX::Transmission, std::allocator<SAGE::TDTEX::Transmission> > >, _Tp = SAGE::TDTEX::Transmission]':
/usr/include/c++/4.0.0/bits/stl_algo.h:207: warning: control may reach end of non-void function 'bool SAGE::TDTEX::Transmission::operator==(const SAGE::TDTEX::Transmission&) const' being inlined
Making Library... done.
Making tdtex: "Transmission-disequilibrium test application"

Linking                 (C++) tdtex
libtdtex.a
tdtex
